{
  "/Users/reuben/Downloads/gqaiylzqo.github/src/stories/Button.tsx": {
    "path": "/Users/reuben/Downloads/gqaiylzqo.github/src/stories/Button.tsx",
    "statementMap": {
      "0": {
        "start": {
          "line": 30,
          "column": 0
        },
        "end": {
          "line": 48,
          "column": null
        }
      },
      "1": {
        "start": {
          "line": 31,
          "column": 0
        },
        "end": {
          "line": 31,
          "column": null
        }
      },
      "2": {
        "start": {
          "line": 31,
          "column": 0
        },
        "end": {
          "line": 32,
          "column": null
        }
      },
      "3": {
        "start": {
          "line": 32,
          "column": 0
        },
        "end": {
          "line": 32,
          "column": null
        }
      },
      "4": {
        "start": {
          "line": 33,
          "column": 0
        },
        "end": {
          "line": 33,
          "column": null
        }
      },
      "5": {
        "start": {
          "line": 34,
          "column": 0
        },
        "end": {
          "line": 34,
          "column": null
        }
      },
      "6": {
        "start": {
          "line": 37,
          "column": 0
        },
        "end": {
          "line": 37,
          "column": null
        }
      },
      "7": {
        "start": {
          "line": 38,
          "column": 0
        },
        "end": {
          "line": 45,
          "column": null
        }
      }
    },
    "fnMap": {
      "0": {
        "name": "(anonymous_6)",
        "decl": {
          "start": {
            "line": 30,
            "column": 0
          },
          "end": {
            "line": 30,
            "column": null
          }
        },
        "loc": {
          "start": {
            "line": 30,
            "column": 0
          },
          "end": {
            "line": 48,
            "column": null
          }
        }
      }
    },
    "branchMap": {
      "0": {
        "loc": {
          "start": {
            "line": 31,
            "column": 0
          },
          "end": {
            "line": 31,
            "column": null
          }
        },
        "type": "cond-expr",
        "locations": [
          {
            "start": {
              "line": 31,
              "column": 0
            },
            "end": {
              "line": 31,
              "column": null
            }
          },
          {
            "start": {
              "line": 31,
              "column": 0
            },
            "end": {
              "line": 31,
              "column": null
            }
          }
        ]
      },
      "1": {
        "loc": {
          "start": {
            "line": 32,
            "column": 0
          },
          "end": {
            "line": 32,
            "column": null
          }
        },
        "type": "cond-expr",
        "locations": [
          {
            "start": {
              "line": 32,
              "column": 0
            },
            "end": {
              "line": 32,
              "column": null
            }
          },
          {
            "start": {
              "line": 32,
              "column": 0
            },
            "end": {
              "line": 32,
              "column": null
            }
          }
        ]
      },
      "2": {
        "loc": {
          "start": {
            "line": 37,
            "column": 0
          },
          "end": {
            "line": 37,
            "column": null
          }
        },
        "type": "cond-expr",
        "locations": [
          {
            "start": {
              "line": 37,
              "column": 0
            },
            "end": {
              "line": 37,
              "column": null
            }
          },
          {
            "start": {
              "line": 37,
              "column": 0
            },
            "end": {
              "line": 37,
              "column": null
            }
          }
        ]
      }
    },
    "s": {
      "0": 10,
      "1": 56,
      "2": 28,
      "3": 28,
      "4": 28,
      "5": 28,
      "6": 28,
      "7": 28
    },
    "f": {
      "0": 28
    },
    "b": {
      "0": [
        18,
        10
      ],
      "1": [
        9,
        19
      ],
      "2": [
        10,
        18
      ]
    }
  },
  "/Users/reuben/Downloads/gqaiylzqo.github/src/stories/Header.tsx": {
    "path": "/Users/reuben/Downloads/gqaiylzqo.github/src/stories/Header.tsx",
    "statementMap": {
      "0": {
        "start": {
          "line": 17,
          "column": 0
        },
        "end": {
          "line": 56,
          "column": null
        }
      },
      "1": {
        "start": {
          "line": 17,
          "column": 0
        },
        "end": {
          "line": 17,
          "column": null
        }
      }
    },
    "fnMap": {
      "0": {
        "name": "(anonymous_0)",
        "decl": {
          "start": {
            "line": 17,
            "column": 0
          },
          "end": {
            "line": 17,
            "column": null
          }
        },
        "loc": {
          "start": {
            "line": 17,
            "column": 0
          },
          "end": {
            "line": 56,
            "column": null
          }
        }
      }
    },
    "branchMap": {
      "0": {
        "loc": {
          "start": {
            "line": 41,
            "column": 0
          },
          "end": {
            "line": 48,
            "column": null
          }
        },
        "type": "cond-expr",
        "locations": [
          {
            "start": {
              "line": 41,
              "column": 0
            },
            "end": {
              "line": 48,
              "column": null
            }
          }
        ]
      }
    },
    "s": {
      "0": 5,
      "1": 36
    },
    "f": {
      "0": 9
    },
    "b": {
      "0": [
        4
      ]
    }
  },
  "/Users/reuben/Downloads/gqaiylzqo.github/src/stories/Page.tsx": {
    "path": "/Users/reuben/Downloads/gqaiylzqo.github/src/stories/Page.tsx",
    "statementMap": {
      "0": {
        "start": {
          "line": 10,
          "column": 0
        },
        "end": {
          "line": 73,
          "column": null
        }
      },
      "1": {
        "start": {
          "line": 11,
          "column": 0
        },
        "end": {
          "line": 11,
          "column": null
        }
      },
      "2": {
        "start": {
          "line": 13,
          "column": 0
        },
        "end": {
          "line": 67,
          "column": null
        }
      },
      "3": {
        "start": {
          "line": 17,
          "column": 0
        },
        "end": {
          "line": 17,
          "column": null
        }
      },
      "4": {
        "start": {
          "line": 18,
          "column": 0
        },
        "end": {
          "line": 18,
          "column": null
        }
      },
      "5": {
        "start": {
          "line": 19,
          "column": 0
        },
        "end": {
          "line": 19,
          "column": null
        }
      }
    },
    "fnMap": {
      "0": {
        "name": "(anonymous_6)",
        "decl": {
          "start": {
            "line": 10,
            "column": 0
          },
          "end": {
            "line": 10,
            "column": null
          }
        },
        "loc": {
          "start": {
            "line": 10,
            "column": 0
          },
          "end": {
            "line": 73,
            "column": null
          }
        }
      }
    },
    "branchMap": {},
    "s": {
      "0": 2,
      "1": 12,
      "2": 4,
      "3": 1,
      "4": 0,
      "5": 0
    },
    "f": {
      "0": 4
    },
    "b": {}
  }
}