TN:
SF:src/stories/Button.tsx
FN:30,(anonymous_6)
FNF:1
FNH:1
FNDA:28,(anonymous_6)
DA:30,10
DA:31,56
DA:32,28
DA:33,28
DA:34,28
DA:37,28
DA:38,28
LF:7
LH:7
BRDA:31,0,0,18
BRDA:31,0,1,10
BRDA:32,1,0,9
BRDA:32,1,1,19
BRDA:37,2,0,10
BRDA:37,2,1,18
BRF:6
BRH:6
end_of_record
TN:
SF:src/stories/Header.tsx
FN:17,(anonymous_0)
FNF:1
FNH:1
FNDA:9,(anonymous_0)
DA:17,36
LF:1
LH:1
BRDA:41,0,0,4
BRF:1
BRH:1
end_of_record
TN:
SF:src/stories/Page.tsx
FN:10,(anonymous_6)
FNF:1
FNH:1
FNDA:4,(anonymous_6)
DA:10,2
DA:11,12
DA:13,4
DA:17,1
DA:18,0
DA:19,0
LF:6
LH:4
BRF:0
BRH:0
end_of_record
